<?xml version="1.0" encoding="UTF-8"?>
<!-- Generated by org.testng.reporters.JUnitReportReporter -->
<testsuite hostname="DESKTOP-S0RA07B" failures="0" tests="1" name="Maven0307testing.mavenpractice1" time="5.562" errors="0" timestamp="2023-03-07T20:16:07 EST" skipped="0">
  <testcase classname="Maven0307testing.mavenpractice1" name="getdata" time="5.562"/>
  <system-out/>
</testsuite> <!-- Maven0307testing.mavenpractice1 -->
